<?xml version="1.0" encoding="UTF-8"?>
<!-- Generated by org.testng.reporters.JUnitReportReporter -->
<testsuite hostname="master-node" failures="0" tests="1" name="CucumberFramework.AppTest" time="0.226" errors="0" timestamp="7 Aug 2020 13:02:20 GMT">
  <testcase classname="CucumberFramework.AppTest" name="shouldAnswerWithTrue" time="0.226"/>
</testsuite> <!-- CucumberFramework.AppTest -->
